<?xml version="1.0" encoding="UTF-8"?>
<!-- Generated by org.testng.reporters.JUnitXMLReporter -->
<testsuite hostname="DESKTOP-SP7RPSV" failures="1" tests="2" name="Test" time="80.6" errors="0" timestamp="26 Jul 2022 08:34:12 GMT">
  <testcase classname="com.inetBanking.testCases.TestAddCustomerWithValidData" name="step_1_Login_To_Application" time="27.06"/>
  <testcase classname="com.inetBanking.testCases.TestAddCustomerWithValidData" name="step_2_Click_NewCustomer" time="2.89">
    <failure type="java.lang.AssertionError" message="The following asserts failed:
null">
      <![CDATA[java.lang.AssertionError: The following asserts failed:
null
	at com.inetBanking.Assert.AssertClass.AssertAll(AssertClass.java:22)
	at com.inetBanking.testCases.TestAddCustomerWithValidData.step_2_Click_NewCustomer(TestAddCustomerWithValidData.java:31)
... Removed 25 stack frames]]>
    </failure>
  </testcase> <!-- step_2_Click_NewCustomer -->
</testsuite> <!-- Test -->
