<?xml version="1.0" encoding="UTF-8"?>
<testng-results total="2" passed="1" failed="1" skipped="0">
  <reporter-output>
  </reporter-output>
  <suite started-at="2022-07-26T08:32:51Z" name="Suite" finished-at="2022-07-26T08:34:12Z" duration-ms="80600">
    <groups>
    </groups>
    <test started-at="2022-07-26T08:32:51Z" name="Test" finished-at="2022-07-26T08:34:12Z" duration-ms="80600">
      <class name="com.inetBanking.testCases.TestAddCustomerWithValidData">
        <test-method is-config="true" signature="setUp(java.lang.String)[pri:0, instance:com.inetBanking.testCases.TestAddCustomerWithValidData@488d1cd7]" started-at="2022-07-26T14:02:51Z" name="setUp" finished-at="2022-07-26T14:03:21Z" duration-ms="29300" status="PASS">
          <params>
            <param index="0">
              <value>
                <![CDATA[chrome]]>
              </value>
            </param>
          </params>
          <reporter-output>
          </reporter-output>
        </test-method> <!-- setUp -->
        <test-method signature="step_1_Login_To_Application()[pri:0, instance:com.inetBanking.testCases.TestAddCustomerWithValidData@488d1cd7]" started-at="2022-07-26T14:03:21Z" name="step_1_Login_To_Application" finished-at="2022-07-26T14:03:48Z" duration-ms="27060" status="PASS">
          <reporter-output>
          </reporter-output>
        </test-method> <!-- step_1_Login_To_Application -->
        <test-method signature="step_2_Click_NewCustomer()[pri:0, instance:com.inetBanking.testCases.TestAddCustomerWithValidData@488d1cd7]" started-at="2022-07-26T14:03:48Z" name="step_2_Click_NewCustomer" finished-at="2022-07-26T14:03:51Z" depends-on-methods="com.inetBanking.testCases.TestAddCustomerWithValidData.step_1_Login_To_Application" duration-ms="2890" status="FAIL">
          <exception class="java.lang.AssertionError">
            <message>
              <![CDATA[The following asserts failed:
null]]>
            </message>
            <full-stacktrace>
              <![CDATA[java.lang.AssertionError: The following asserts failed:
null
	at org.testng.asserts.SoftAssert.assertAll(SoftAssert.java:37)
	at com.inetBanking.Assert.AssertClass.AssertAll(AssertClass.java:22)
	at com.inetBanking.testCases.TestAddCustomerWithValidData.step_2_Click_NewCustomer(TestAddCustomerWithValidData.java:31)
	at java.base/jdk.internal.reflect.NativeMethodAccessorImpl.invoke0(Native Method)
	at java.base/jdk.internal.reflect.NativeMethodAccessorImpl.invoke(NativeMethodAccessorImpl.java:77)
	at java.base/jdk.internal.reflect.DelegatingMethodAccessorImpl.invoke(DelegatingMethodAccessorImpl.java:43)
	at java.base/java.lang.reflect.Method.invoke(Method.java:568)
	at org.testng.internal.MethodInvocationHelper.invokeMethod(MethodInvocationHelper.java:80)
	at org.testng.internal.Invoker.invokeMethod(Invoker.java:714)
	at org.testng.internal.Invoker.invokeTestMethod(Invoker.java:901)
	at org.testng.internal.Invoker.invokeTestMethods(Invoker.java:1231)
	at org.testng.internal.TestMethodWorker.invokeTestMethods(TestMethodWorker.java:127)
	at org.testng.internal.TestMethodWorker.run(TestMethodWorker.java:111)
	at org.testng.TestRunner.privateRun(TestRunner.java:767)
	at org.testng.TestRunner.run(TestRunner.java:617)
	at org.testng.SuiteRunner.runTest(SuiteRunner.java:334)
	at org.testng.SuiteRunner.runSequentially(SuiteRunner.java:329)
	at org.testng.SuiteRunner.privateRun(SuiteRunner.java:291)
	at org.testng.SuiteRunner.run(SuiteRunner.java:240)
	at org.testng.SuiteRunnerWorker.runSuite(SuiteRunnerWorker.java:52)
	at org.testng.SuiteRunnerWorker.run(SuiteRunnerWorker.java:86)
	at org.testng.TestNG.runSuitesSequentially(TestNG.java:1198)
	at org.testng.TestNG.runSuitesLocally(TestNG.java:1123)
	at org.testng.TestNG.run(TestNG.java:1031)
	at org.testng.remote.AbstractRemoteTestNG.run(AbstractRemoteTestNG.java:115)
	at org.testng.remote.RemoteTestNG.initAndRun(RemoteTestNG.java:251)
	at org.testng.remote.RemoteTestNG.main(RemoteTestNG.java:77)
]]>
            </full-stacktrace>
          </exception> <!-- java.lang.AssertionError -->
          <reporter-output>
          </reporter-output>
        </test-method> <!-- step_2_Click_NewCustomer -->
        <test-method is-config="true" signature="tearDown()[pri:0, instance:com.inetBanking.testCases.TestAddCustomerWithValidData@488d1cd7]" started-at="2022-07-26T14:03:51Z" name="tearDown" finished-at="2022-07-26T14:04:12Z" duration-ms="21250" status="PASS">
          <reporter-output>
          </reporter-output>
        </test-method> <!-- tearDown -->
      </class> <!-- com.inetBanking.testCases.TestAddCustomerWithValidData -->
    </test> <!-- Test -->
  </suite> <!-- Suite -->
</testng-results>
